Compiled jquery.js  (3ms)  (pid 7054)
Compiled jquery_ujs.js  (0ms)  (pid 7054)
Compiled twitter/bootstrap/bootstrap-transition.js  (0ms)  (pid 7054)
Compiled twitter/bootstrap/bootstrap-alert.js  (0ms)  (pid 7054)
Compiled twitter/bootstrap/bootstrap-modal.js  (0ms)  (pid 7054)
Compiled twitter/bootstrap/bootstrap-dropdown.js  (0ms)  (pid 7054)
Compiled twitter/bootstrap/bootstrap-scrollspy.js  (0ms)  (pid 7054)
Compiled twitter/bootstrap/bootstrap-tab.js  (0ms)  (pid 7054)
Compiled twitter/bootstrap/bootstrap-tooltip.js  (0ms)  (pid 7054)
Compiled twitter/bootstrap/bootstrap-popover.js  (0ms)  (pid 7054)
Compiled twitter/bootstrap/bootstrap-button.js  (0ms)  (pid 7054)
Compiled twitter/bootstrap/bootstrap-collapse.js  (0ms)  (pid 7054)
Compiled twitter/bootstrap/bootstrap-carousel.js  (0ms)  (pid 7054)
Compiled twitter/bootstrap/bootstrap-typeahead.js  (0ms)  (pid 7054)
Compiled twitter/bootstrap/bootstrap-affix.js  (0ms)  (pid 7054)
Compiled twitter/bootstrap.js  (168ms)  (pid 7054)
Compiled dataTables/jquery.dataTables.js  (4ms)  (pid 7054)
Compiled bootstrap.js  (104ms)  (pid 7054)
Compiled questions.js  (2ms)  (pid 7054)
Compiled application.js  (358ms)  (pid 7054)
Compiled twitter-bootstrap-static/bootstrap.css  (89ms)  (pid 7054)
Compiled twitter-bootstrap-static/fontawesome.css  (85ms)  (pid 7054)
Compiled bootstrap_and_overrides.css  (196ms)  (pid 7054)
Compiled questions.css  (39ms)  (pid 7054)
Compiled scaffolds.css  (16ms)  (pid 7054)
Compiled dataTables/jquery.dataTables.css  (160ms)  (pid 7054)
Compiled application.css  (437ms)  (pid 7054)
Compiled jquery.js  (3ms)  (pid 7054)
Compiled jquery_ujs.js  (0ms)  (pid 7054)
Compiled twitter/bootstrap/bootstrap-transition.js  (0ms)  (pid 7054)
Compiled twitter/bootstrap/bootstrap-alert.js  (0ms)  (pid 7054)
Compiled twitter/bootstrap/bootstrap-modal.js  (0ms)  (pid 7054)
Compiled twitter/bootstrap/bootstrap-dropdown.js  (0ms)  (pid 7054)
Compiled twitter/bootstrap/bootstrap-scrollspy.js  (0ms)  (pid 7054)
Compiled twitter/bootstrap/bootstrap-tab.js  (0ms)  (pid 7054)
Compiled twitter/bootstrap/bootstrap-tooltip.js  (0ms)  (pid 7054)
Compiled twitter/bootstrap/bootstrap-popover.js  (0ms)  (pid 7054)
Compiled twitter/bootstrap/bootstrap-button.js  (0ms)  (pid 7054)
Compiled twitter/bootstrap/bootstrap-collapse.js  (0ms)  (pid 7054)
Compiled twitter/bootstrap/bootstrap-carousel.js  (0ms)  (pid 7054)
Compiled twitter/bootstrap/bootstrap-typeahead.js  (0ms)  (pid 7054)
Compiled twitter/bootstrap/bootstrap-affix.js  (0ms)  (pid 7054)
Compiled twitter/bootstrap.js  (170ms)  (pid 7054)
Compiled dataTables/jquery.dataTables.js  (4ms)  (pid 7054)
Compiled bootstrap.js  (89ms)  (pid 7054)
Compiled questions.js  (2ms)  (pid 7054)
Compiled application.js  (348ms)  (pid 7054)
Compiled twitter-bootstrap-static/bootstrap.css  (87ms)  (pid 7054)
Compiled twitter-bootstrap-static/fontawesome.css  (17ms)  (pid 7054)
Compiled bootstrap_and_overrides.css  (127ms)  (pid 7054)
Compiled questions.css  (35ms)  (pid 7054)
Compiled scaffolds.css  (16ms)  (pid 7054)
Compiled dataTables/jquery.dataTables.css  (57ms)  (pid 7054)
Compiled application.css  (261ms)  (pid 7054)
